[debug] [2020-12-31T21:15:08.851Z] ----------------------------------------------------------------------
[debug] [2020-12-31T21:15:08.853Z] Command:       /usr/bin/node /usr/local/bin/firebase emulators:start
[debug] [2020-12-31T21:15:08.854Z] CLI Version:   9.1.0
[debug] [2020-12-31T21:15:08.854Z] Platform:      linux
[debug] [2020-12-31T21:15:08.854Z] Node Version:  v10.19.0
[debug] [2020-12-31T21:15:08.854Z] Time:          Thu Dec 31 2020 21:15:08 GMT+0000 (Greenwich Mean Time)
[debug] [2020-12-31T21:15:08.854Z] ----------------------------------------------------------------------
[debug] [2020-12-31T21:15:08.854Z] 
[debug] [2020-12-31T21:15:08.859Z] > command requires scopes: ["email","openid","https://www.googleapis.com/auth/cloudplatformprojects.readonly","https://www.googleapis.com/auth/firebase","https://www.googleapis.com/auth/cloud-platform"]
[debug] [2020-12-31T21:15:08.859Z] > authorizing via signed-in user
[info] i  emulators: Starting emulators: functions {"metadata":{"emulator":{"name":"hub"},"message":"Starting emulators: functions"}}
[debug] [2020-12-31T21:15:08.882Z] [hub] writing locator at /tmp/hub-clone-bd22e.json
[warn] ⚠  functions: The following emulators are not running, calls to these services from the Functions emulator will affect production: auth, firestore, database, hosting, pubsub {"metadata":{"emulator":{"name":"functions"},"message":"The following emulators are not running, calls to these services from the Functions emulator will affect production: \u001b[1mauth, firestore, database, hosting, pubsub\u001b[22m"}}
[warn] ⚠  Your requested "node" version "12" doesn't match your global version "10" {"metadata":{"emulator":{"name":"functions"},"message":"Your requested \"node\" version \"12\" doesn't match your global version \"10\""}}
[debug] [2020-12-31T21:15:08.910Z] defaultcredentials: writing to file /home/ben/.config/firebase/benmckenna12345_gmail_com_application_default_credentials.json
[debug] [2020-12-31T21:15:08.912Z] Setting GAC to /home/ben/.config/firebase/benmckenna12345_gmail_com_application_default_credentials.json {"metadata":{"emulator":{"name":"functions"},"message":"Setting GAC to /home/ben/.config/firebase/benmckenna12345_gmail_com_application_default_credentials.json"}}
[debug] [2020-12-31T21:15:08.919Z] Ignoring unsupported arg: auto_download {"metadata":{"emulator":{"name":"ui"},"message":"Ignoring unsupported arg: auto_download"}}
[debug] [2020-12-31T21:15:08.919Z] Ignoring unsupported arg: port {"metadata":{"emulator":{"name":"ui"},"message":"Ignoring unsupported arg: port"}}
[debug] [2020-12-31T21:15:08.919Z] Starting Emulator UI with command {"binary":"node","args":["/home/ben/.cache/firebase/emulators/ui-v1.4.1/server.bundle.js"],"optionalArgs":[],"joinArgs":false} {"metadata":{"emulator":{"name":"ui"},"message":"Starting Emulator UI with command {\"binary\":\"node\",\"args\":[\"/home/ben/.cache/firebase/emulators/ui-v1.4.1/server.bundle.js\"],\"optionalArgs\":[],\"joinArgs\":false}"}}
[info] i  ui: Emulator UI logging to ui-debug.log {"metadata":{"emulator":{"name":"ui"},"message":"Emulator UI logging to \u001b[1mui-debug.log\u001b[22m"}}
[debug] [2020-12-31T21:15:09.305Z] Web / API server started at http://localhost:4000
 {"metadata":{"emulator":{"name":"ui"},"message":"Web / API server started at http://localhost:4000\n"}}
[info] i  functions: Watching "/home/ben/Documents/amazon-clone/functions" for Cloud Functions... {"metadata":{"emulator":{"name":"functions"},"message":"Watching \"/home/ben/Documents/amazon-clone/functions\" for Cloud Functions..."}}
[debug] [2020-12-31T21:15:09.442Z] [worker-pool] addWorker(~diagnostic~) {"metadata":{"emulator":{"name":"functions"},"message":"[worker-pool] addWorker(~diagnostic~)"}}
[debug] [2020-12-31T21:15:09.442Z] [worker-pool] Adding worker with key ~diagnostic~, total=1 {"metadata":{"emulator":{"name":"functions"},"message":"[worker-pool] Adding worker with key ~diagnostic~, total=1"}}
[debug] [2020-12-31T21:15:09.442Z] [worker-pool] submitWork(triggerId=) {"metadata":{"emulator":{"name":"functions"},"message":"[worker-pool] submitWork(triggerId=)"}}
[debug] [2020-12-31T21:15:09.443Z] [worker-~diagnostic~-c747eea2-10e3-4840-bff8-ef70da5cc588]: Assigning socketPath: /tmp/fire_emu_122235.sock {"metadata":{"emulator":{"name":"functions"},"message":"[worker-~diagnostic~-c747eea2-10e3-4840-bff8-ef70da5cc588]: Assigning socketPath: /tmp/fire_emu_122235.sock"}}
[debug] [2020-12-31T21:15:09.443Z] [worker-~diagnostic~-c747eea2-10e3-4840-bff8-ef70da5cc588]: BUSY {"metadata":{"emulator":{"name":"functions"},"message":"[worker-~diagnostic~-c747eea2-10e3-4840-bff8-ef70da5cc588]: BUSY"}}
[debug] [2020-12-31T21:15:09.830Z] [runtime-status] [122235] Functions runtime initialized. {"cwd":"/home/ben/Documents/amazon-clone/functions","node_version":"10.19.0"} {"metadata":{"emulator":{"name":"functions"},"message":"[runtime-status] [122235] Functions runtime initialized. {\"cwd\":\"/home/ben/Documents/amazon-clone/functions\",\"node_version\":\"10.19.0\"}"}}
[debug] [2020-12-31T21:15:09.831Z] [runtime-status] [122235] Disabled runtime features: undefined {"metadata":{"emulator":{"name":"functions"},"message":"[runtime-status] [122235] Disabled runtime features: undefined"}}
[debug] [2020-12-31T21:15:09.833Z] [runtime-status] [122235] Resolved module firebase-admin {"declared":true,"installed":true,"version":"9.4.2","resolution":"/home/ben/Documents/amazon-clone/functions/node_modules/firebase-admin/lib/index.js"} {"metadata":{"emulator":{"name":"functions"},"message":"[runtime-status] [122235] Resolved module firebase-admin {\"declared\":true,\"installed\":true,\"version\":\"9.4.2\",\"resolution\":\"/home/ben/Documents/amazon-clone/functions/node_modules/firebase-admin/lib/index.js\"}"}}
[debug] [2020-12-31T21:15:09.833Z] [runtime-status] [122235] Resolved module firebase-functions {"declared":true,"installed":true,"version":"3.13.0","resolution":"/home/ben/Documents/amazon-clone/functions/node_modules/firebase-functions/lib/index.js"} {"metadata":{"emulator":{"name":"functions"},"message":"[runtime-status] [122235] Resolved module firebase-functions {\"declared\":true,\"installed\":true,\"version\":\"3.13.0\",\"resolution\":\"/home/ben/Documents/amazon-clone/functions/node_modules/firebase-functions/lib/index.js\"}"}}
[debug] [2020-12-31T21:15:09.834Z] [runtime-status] [122235] Resolved module firebase-functions {"declared":true,"installed":true,"version":"3.13.0","resolution":"/home/ben/Documents/amazon-clone/functions/node_modules/firebase-functions/lib/index.js"} {"metadata":{"emulator":{"name":"functions"},"message":"[runtime-status] [122235] Resolved module firebase-functions {\"declared\":true,\"installed\":true,\"version\":\"3.13.0\",\"resolution\":\"/home/ben/Documents/amazon-clone/functions/node_modules/firebase-functions/lib/index.js\"}"}}
[debug] [2020-12-31T21:15:09.837Z] [runtime-status] [122235] Outgoing network have been stubbed. [{"name":"http","status":"mocked"},{"name":"http","status":"mocked"},{"name":"https","status":"mocked"},{"name":"https","status":"mocked"},{"name":"net","status":"mocked"}] {"metadata":{"emulator":{"name":"functions"},"message":"[runtime-status] [122235] Outgoing network have been stubbed. [{\"name\":\"http\",\"status\":\"mocked\"},{\"name\":\"http\",\"status\":\"mocked\"},{\"name\":\"https\",\"status\":\"mocked\"},{\"name\":\"https\",\"status\":\"mocked\"},{\"name\":\"net\",\"status\":\"mocked\"}]"}}
[debug] [2020-12-31T21:15:09.838Z] [runtime-status] [122235] Resolved module firebase-functions {"declared":true,"installed":true,"version":"3.13.0","resolution":"/home/ben/Documents/amazon-clone/functions/node_modules/firebase-functions/lib/index.js"} {"metadata":{"emulator":{"name":"functions"},"message":"[runtime-status] [122235] Resolved module firebase-functions {\"declared\":true,\"installed\":true,\"version\":\"3.13.0\",\"resolution\":\"/home/ben/Documents/amazon-clone/functions/node_modules/firebase-functions/lib/index.js\"}"}}
[debug] [2020-12-31T21:15:09.866Z] [runtime-status] [122235] Checked functions.config() {"config":{}} {"metadata":{"emulator":{"name":"functions"},"message":"[runtime-status] [122235] Checked functions.config() {\"config\":{}}"}}
[debug] [2020-12-31T21:15:09.866Z] [runtime-status] [122235] firebase-functions has been stubbed. {"functionsResolution":{"declared":true,"installed":true,"version":"3.13.0","resolution":"/home/ben/Documents/amazon-clone/functions/node_modules/firebase-functions/lib/index.js"}} {"metadata":{"emulator":{"name":"functions"},"message":"[runtime-status] [122235] firebase-functions has been stubbed. {\"functionsResolution\":{\"declared\":true,\"installed\":true,\"version\":\"3.13.0\",\"resolution\":\"/home/ben/Documents/amazon-clone/functions/node_modules/firebase-functions/lib/index.js\"}}"}}
[debug] [2020-12-31T21:15:09.867Z] [runtime-status] [122235] Resolved module firebase-functions {"declared":true,"installed":true,"version":"3.13.0","resolution":"/home/ben/Documents/amazon-clone/functions/node_modules/firebase-functions/lib/index.js"} {"metadata":{"emulator":{"name":"functions"},"message":"[runtime-status] [122235] Resolved module firebase-functions {\"declared\":true,\"installed\":true,\"version\":\"3.13.0\",\"resolution\":\"/home/ben/Documents/amazon-clone/functions/node_modules/firebase-functions/lib/index.js\"}"}}
[debug] [2020-12-31T21:15:09.867Z] [runtime-status] [122235] Resolved module firebase-admin {"declared":true,"installed":true,"version":"9.4.2","resolution":"/home/ben/Documents/amazon-clone/functions/node_modules/firebase-admin/lib/index.js"} {"metadata":{"emulator":{"name":"functions"},"message":"[runtime-status] [122235] Resolved module firebase-admin {\"declared\":true,\"installed\":true,\"version\":\"9.4.2\",\"resolution\":\"/home/ben/Documents/amazon-clone/functions/node_modules/firebase-admin/lib/index.js\"}"}}
[debug] [2020-12-31T21:15:09.868Z] [runtime-status] [122235] Resolved module firebase-functions {"declared":true,"installed":true,"version":"3.13.0","resolution":"/home/ben/Documents/amazon-clone/functions/node_modules/firebase-functions/lib/index.js"} {"metadata":{"emulator":{"name":"functions"},"message":"[runtime-status] [122235] Resolved module firebase-functions {\"declared\":true,\"installed\":true,\"version\":\"3.13.0\",\"resolution\":\"/home/ben/Documents/amazon-clone/functions/node_modules/firebase-functions/lib/index.js\"}"}}
[debug] [2020-12-31T21:15:09.868Z] [runtime-status] [122235] firebase-admin has been stubbed. {"adminResolution":{"declared":true,"installed":true,"version":"9.4.2","resolution":"/home/ben/Documents/amazon-clone/functions/node_modules/firebase-admin/lib/index.js"}} {"metadata":{"emulator":{"name":"functions"},"message":"[runtime-status] [122235] firebase-admin has been stubbed. {\"adminResolution\":{\"declared\":true,\"installed\":true,\"version\":\"9.4.2\",\"resolution\":\"/home/ben/Documents/amazon-clone/functions/node_modules/firebase-admin/lib/index.js\"}}"}}
[info] ✔  functions[api]: http function initialized (http://localhost:5001/clone-bd22e/us-central1/api). {"metadata":{"emulator":{"name":"functions"},"message":"\u001b[1mhttp\u001b[22m function initialized (http://localhost:5001/clone-bd22e/us-central1/api)."}}
[info] 
┌─────────────────────────────────────────────────────────────┐
│ ✔  All emulators ready! It is now safe to connect your app. │
│ i  View Emulator UI at http://localhost:4000                │
└─────────────────────────────────────────────────────────────┘

┌───────────┬────────────────┬─────────────────────────────────┐
│ Emulator  │ Host:Port      │ View in Emulator UI             │
├───────────┼────────────────┼─────────────────────────────────┤
│ Functions │ localhost:5001 │ http://localhost:4000/functions │
└───────────┴────────────────┴─────────────────────────────────┘
  Emulator Hub running at localhost:4400
  Other reserved ports: 4500

Issues? Report them at https://github.com/firebase/firebase-tools/issues and attach the *-debug.log files.
 
[debug] [2020-12-31T21:15:09.933Z] [worker-~diagnostic~-c747eea2-10e3-4840-bff8-ef70da5cc588]: IDLE {"metadata":{"emulator":{"name":"functions"},"message":"[worker-~diagnostic~-c747eea2-10e3-4840-bff8-ef70da5cc588]: IDLE"}}
[debug] [2020-12-31T21:15:37.819Z] [work-queue] {"queueLength":1,"workRunningCount":0}
[debug] [2020-12-31T21:15:37.819Z] [work-queue] {"queueLength":0,"workRunningCount":1}
[debug] [2020-12-31T21:15:37.820Z] Accepted request POST /clone-bd22e/us-central1/api/payments/create?total=114893 --> api
[debug] [2020-12-31T21:15:37.826Z] [worker-pool] addWorker(api) {"metadata":{"emulator":{"name":"functions"},"message":"[worker-pool] addWorker(api)"}}
[debug] [2020-12-31T21:15:37.827Z] [worker-pool] Adding worker with key api, total=1 {"metadata":{"emulator":{"name":"functions"},"message":"[worker-pool] Adding worker with key api, total=1"}}
[debug] [2020-12-31T21:15:37.827Z] [worker-pool] submitWork(triggerId=api) {"metadata":{"emulator":{"name":"functions"},"message":"[worker-pool] submitWork(triggerId=api)"}}
[debug] [2020-12-31T21:15:37.827Z] [worker-api-3c4d4ebc-ee77-47a5-99b2-891b638054cc]: Assigning socketPath: /tmp/fire_emu_122281.sock {"metadata":{"emulator":{"name":"functions"},"message":"[worker-api-3c4d4ebc-ee77-47a5-99b2-891b638054cc]: Assigning socketPath: /tmp/fire_emu_122281.sock"}}
[debug] [2020-12-31T21:15:37.827Z] [worker-api-3c4d4ebc-ee77-47a5-99b2-891b638054cc]: BUSY {"metadata":{"emulator":{"name":"functions"},"message":"[worker-api-3c4d4ebc-ee77-47a5-99b2-891b638054cc]: BUSY"}}
[debug] [2020-12-31T21:15:38.234Z] [runtime-status] [122281] Functions runtime initialized. {"cwd":"/home/ben/Documents/amazon-clone/functions","node_version":"10.19.0"} {"metadata":{"emulator":{"name":"functions"},"function":{"name":"api"},"message":"[runtime-status] [122281] Functions runtime initialized. {\"cwd\":\"/home/ben/Documents/amazon-clone/functions\",\"node_version\":\"10.19.0\"}"}}
[debug] [2020-12-31T21:15:38.236Z] [runtime-status] [122281] Disabled runtime features: undefined {"metadata":{"emulator":{"name":"functions"},"function":{"name":"api"},"message":"[runtime-status] [122281] Disabled runtime features: undefined"}}
[debug] [2020-12-31T21:15:38.237Z] [runtime-status] [122281] Resolved module firebase-admin {"declared":true,"installed":true,"version":"9.4.2","resolution":"/home/ben/Documents/amazon-clone/functions/node_modules/firebase-admin/lib/index.js"} {"metadata":{"emulator":{"name":"functions"},"function":{"name":"api"},"message":"[runtime-status] [122281] Resolved module firebase-admin {\"declared\":true,\"installed\":true,\"version\":\"9.4.2\",\"resolution\":\"/home/ben/Documents/amazon-clone/functions/node_modules/firebase-admin/lib/index.js\"}"}}
[debug] [2020-12-31T21:15:38.239Z] [runtime-status] [122281] Resolved module firebase-functions {"declared":true,"installed":true,"version":"3.13.0","resolution":"/home/ben/Documents/amazon-clone/functions/node_modules/firebase-functions/lib/index.js"} {"metadata":{"emulator":{"name":"functions"},"function":{"name":"api"},"message":"[runtime-status] [122281] Resolved module firebase-functions {\"declared\":true,\"installed\":true,\"version\":\"3.13.0\",\"resolution\":\"/home/ben/Documents/amazon-clone/functions/node_modules/firebase-functions/lib/index.js\"}"}}
[debug] [2020-12-31T21:15:38.239Z] [runtime-status] [122281] Resolved module firebase-functions {"declared":true,"installed":true,"version":"3.13.0","resolution":"/home/ben/Documents/amazon-clone/functions/node_modules/firebase-functions/lib/index.js"} {"metadata":{"emulator":{"name":"functions"},"function":{"name":"api"},"message":"[runtime-status] [122281] Resolved module firebase-functions {\"declared\":true,\"installed\":true,\"version\":\"3.13.0\",\"resolution\":\"/home/ben/Documents/amazon-clone/functions/node_modules/firebase-functions/lib/index.js\"}"}}
[debug] [2020-12-31T21:15:38.242Z] [runtime-status] [122281] Outgoing network have been stubbed. [{"name":"http","status":"mocked"},{"name":"http","status":"mocked"},{"name":"https","status":"mocked"},{"name":"https","status":"mocked"},{"name":"net","status":"mocked"}] {"metadata":{"emulator":{"name":"functions"},"function":{"name":"api"},"message":"[runtime-status] [122281] Outgoing network have been stubbed. [{\"name\":\"http\",\"status\":\"mocked\"},{\"name\":\"http\",\"status\":\"mocked\"},{\"name\":\"https\",\"status\":\"mocked\"},{\"name\":\"https\",\"status\":\"mocked\"},{\"name\":\"net\",\"status\":\"mocked\"}]"}}
[debug] [2020-12-31T21:15:38.243Z] [runtime-status] [122281] Resolved module firebase-functions {"declared":true,"installed":true,"version":"3.13.0","resolution":"/home/ben/Documents/amazon-clone/functions/node_modules/firebase-functions/lib/index.js"} {"metadata":{"emulator":{"name":"functions"},"function":{"name":"api"},"message":"[runtime-status] [122281] Resolved module firebase-functions {\"declared\":true,\"installed\":true,\"version\":\"3.13.0\",\"resolution\":\"/home/ben/Documents/amazon-clone/functions/node_modules/firebase-functions/lib/index.js\"}"}}
[debug] [2020-12-31T21:15:38.273Z] [runtime-status] [122281] Checked functions.config() {"config":{}} {"metadata":{"emulator":{"name":"functions"},"function":{"name":"api"},"message":"[runtime-status] [122281] Checked functions.config() {\"config\":{}}"}}
[debug] [2020-12-31T21:15:38.273Z] [runtime-status] [122281] firebase-functions has been stubbed. {"functionsResolution":{"declared":true,"installed":true,"version":"3.13.0","resolution":"/home/ben/Documents/amazon-clone/functions/node_modules/firebase-functions/lib/index.js"}} {"metadata":{"emulator":{"name":"functions"},"function":{"name":"api"},"message":"[runtime-status] [122281] firebase-functions has been stubbed. {\"functionsResolution\":{\"declared\":true,\"installed\":true,\"version\":\"3.13.0\",\"resolution\":\"/home/ben/Documents/amazon-clone/functions/node_modules/firebase-functions/lib/index.js\"}}"}}
[debug] [2020-12-31T21:15:38.274Z] [runtime-status] [122281] Resolved module firebase-functions {"declared":true,"installed":true,"version":"3.13.0","resolution":"/home/ben/Documents/amazon-clone/functions/node_modules/firebase-functions/lib/index.js"} {"metadata":{"emulator":{"name":"functions"},"function":{"name":"api"},"message":"[runtime-status] [122281] Resolved module firebase-functions {\"declared\":true,\"installed\":true,\"version\":\"3.13.0\",\"resolution\":\"/home/ben/Documents/amazon-clone/functions/node_modules/firebase-functions/lib/index.js\"}"}}
[debug] [2020-12-31T21:15:38.275Z] [runtime-status] [122281] Resolved module firebase-admin {"declared":true,"installed":true,"version":"9.4.2","resolution":"/home/ben/Documents/amazon-clone/functions/node_modules/firebase-admin/lib/index.js"} {"metadata":{"emulator":{"name":"functions"},"function":{"name":"api"},"message":"[runtime-status] [122281] Resolved module firebase-admin {\"declared\":true,\"installed\":true,\"version\":\"9.4.2\",\"resolution\":\"/home/ben/Documents/amazon-clone/functions/node_modules/firebase-admin/lib/index.js\"}"}}
[debug] [2020-12-31T21:15:38.275Z] [runtime-status] [122281] Resolved module firebase-functions {"declared":true,"installed":true,"version":"3.13.0","resolution":"/home/ben/Documents/amazon-clone/functions/node_modules/firebase-functions/lib/index.js"} {"metadata":{"emulator":{"name":"functions"},"function":{"name":"api"},"message":"[runtime-status] [122281] Resolved module firebase-functions {\"declared\":true,\"installed\":true,\"version\":\"3.13.0\",\"resolution\":\"/home/ben/Documents/amazon-clone/functions/node_modules/firebase-functions/lib/index.js\"}"}}
[debug] [2020-12-31T21:15:38.275Z] [runtime-status] [122281] firebase-admin has been stubbed. {"adminResolution":{"declared":true,"installed":true,"version":"9.4.2","resolution":"/home/ben/Documents/amazon-clone/functions/node_modules/firebase-admin/lib/index.js"}} {"metadata":{"emulator":{"name":"functions"},"function":{"name":"api"},"message":"[runtime-status] [122281] firebase-admin has been stubbed. {\"adminResolution\":{\"declared\":true,\"installed\":true,\"version\":\"9.4.2\",\"resolution\":\"/home/ben/Documents/amazon-clone/functions/node_modules/firebase-admin/lib/index.js\"}}"}}
[debug] [2020-12-31T21:15:38.337Z] [runtime-status] [122281] Trigger "api" has been found, beginning invocation! {"metadata":{"emulator":{"name":"functions"},"function":{"name":"api"},"message":"[runtime-status] [122281] Trigger \"api\" has been found, beginning invocation!"}}
[info] i  functions: Beginning execution of "api" {"metadata":{"emulator":{"name":"functions"},"function":{"name":"api"},"message":"Beginning execution of \"api\""}}
[debug] [2020-12-31T21:15:38.337Z] [runtime-status] [122281] triggerDefinition {"httpsTrigger":{},"name":"api","entryPoint":"api"} {"metadata":{"emulator":{"name":"functions"},"function":{"name":"api"},"message":"[runtime-status] [122281] triggerDefinition {\"httpsTrigger\":{},\"name\":\"api\",\"entryPoint\":\"api\"}"}}
[debug] [2020-12-31T21:15:38.338Z] [runtime-status] [122281] Running api in mode HTTPS {"metadata":{"emulator":{"name":"functions"},"function":{"name":"api"},"message":"[runtime-status] [122281] Running api in mode HTTPS"}}
[debug] [2020-12-31T21:15:38.340Z] [runtime-status] [122281] Attempting to listen to socketPath: /tmp/fire_emu_122281.sock {"metadata":{"emulator":{"name":"functions"},"function":{"name":"api"},"message":"[runtime-status] [122281] Attempting to listen to socketPath: /tmp/fire_emu_122281.sock"}}
[debug] [2020-12-31T21:15:38.343Z] [functions] Runtime ready! Sending request! {"metadata":{"emulator":{"name":"functions"},"message":"[functions] Runtime ready! Sending request!"}}
[debug] [2020-12-31T21:15:38.353Z] [runtime-status] [122281] Ephemeral server handling POST request {"metadata":{"emulator":{"name":"functions"},"function":{"name":"api"},"message":"[runtime-status] [122281] Ephemeral server handling POST request"}}
[info] >  Payment Request Recieved BOOM!!! for this amount >>>  114893 {"user":"Payment Request Recieved BOOM!!! for this amount >>>  114893","metadata":{"emulator":{"name":"functions"},"function":{"name":"api"},"message":"\u001b[90m> \u001b[39m Payment Request Recieved BOOM!!! for this amount >>>  114893"}}
[debug] [2020-12-31T21:15:38.363Z] [runtime-status] [122281] Ephemeral server survived. {"metadata":{"emulator":{"name":"functions"},"function":{"name":"api"},"message":"[runtime-status] [122281] Ephemeral server survived."}}
[info] i  functions: Finished "api" in ~1s {"metadata":{"emulator":{"name":"functions"},"function":{"name":"api"},"message":"Finished \"api\" in ~1s"}}
[debug] [2020-12-31T21:15:38.852Z] [worker-api-3c4d4ebc-ee77-47a5-99b2-891b638054cc]: IDLE {"metadata":{"emulator":{"name":"functions"},"message":"[worker-api-3c4d4ebc-ee77-47a5-99b2-891b638054cc]: IDLE"}}
[debug] [2020-12-31T21:15:38.854Z] [work-queue] {"queueLength":0,"workRunningCount":0}
[debug] [2020-12-31T22:26:56.143Z] [work-queue] {"queueLength":1,"workRunningCount":0}
[debug] [2020-12-31T22:26:56.143Z] [work-queue] {"queueLength":0,"workRunningCount":1}
[debug] [2020-12-31T22:26:56.143Z] Accepted request POST /clone-bd22e/us-central1/api/payments/create?total=114893 --> api
[debug] [2020-12-31T22:26:56.143Z] [worker-pool] submitWork(triggerId=api) {"metadata":{"emulator":{"name":"functions"},"message":"[worker-pool] submitWork(triggerId=api)"}}
[debug] [2020-12-31T22:26:56.143Z] [worker-api-3c4d4ebc-ee77-47a5-99b2-891b638054cc]: Assigning socketPath: /tmp/fire_emu_122281.sock {"metadata":{"emulator":{"name":"functions"},"message":"[worker-api-3c4d4ebc-ee77-47a5-99b2-891b638054cc]: Assigning socketPath: /tmp/fire_emu_122281.sock"}}
[debug] [2020-12-31T22:26:56.143Z] [worker-api-3c4d4ebc-ee77-47a5-99b2-891b638054cc]: BUSY {"metadata":{"emulator":{"name":"functions"},"message":"[worker-api-3c4d4ebc-ee77-47a5-99b2-891b638054cc]: BUSY"}}
[debug] [2020-12-31T22:26:56.144Z] [runtime-status] [122281] Trigger "api" has been found, beginning invocation! {"metadata":{"emulator":{"name":"functions"},"function":{"name":"api"},"message":"[runtime-status] [122281] Trigger \"api\" has been found, beginning invocation!"}}
[info] i  functions: Beginning execution of "api" {"metadata":{"emulator":{"name":"functions"},"function":{"name":"api"},"message":"Beginning execution of \"api\""}}
[debug] [2020-12-31T22:26:56.145Z] [runtime-status] [122281] triggerDefinition {"httpsTrigger":{},"name":"api","entryPoint":"api"} {"metadata":{"emulator":{"name":"functions"},"function":{"name":"api"},"message":"[runtime-status] [122281] triggerDefinition {\"httpsTrigger\":{},\"name\":\"api\",\"entryPoint\":\"api\"}"}}
[debug] [2020-12-31T22:26:56.145Z] [runtime-status] [122281] Running api in mode HTTPS {"metadata":{"emulator":{"name":"functions"},"function":{"name":"api"},"message":"[runtime-status] [122281] Running api in mode HTTPS"}}
[debug] [2020-12-31T22:26:56.145Z] [runtime-status] [122281] Attempting to listen to socketPath: /tmp/fire_emu_122281.sock {"metadata":{"emulator":{"name":"functions"},"function":{"name":"api"},"message":"[runtime-status] [122281] Attempting to listen to socketPath: /tmp/fire_emu_122281.sock"}}
[debug] [2020-12-31T22:26:56.146Z] [functions] Runtime ready! Sending request! {"metadata":{"emulator":{"name":"functions"},"message":"[functions] Runtime ready! Sending request!"}}
[debug] [2020-12-31T22:26:56.150Z] [runtime-status] [122281] Ephemeral server handling POST request {"metadata":{"emulator":{"name":"functions"},"function":{"name":"api"},"message":"[runtime-status] [122281] Ephemeral server handling POST request"}}
[info] >  Payment Request Recieved BOOM!!! for this amount >>>  114893 {"user":"Payment Request Recieved BOOM!!! for this amount >>>  114893","metadata":{"emulator":{"name":"functions"},"function":{"name":"api"},"message":"\u001b[90m> \u001b[39m Payment Request Recieved BOOM!!! for this amount >>>  114893"}}
[debug] [2020-12-31T22:26:56.151Z] [runtime-status] [122281] Ephemeral server survived. {"metadata":{"emulator":{"name":"functions"},"function":{"name":"api"},"message":"[runtime-status] [122281] Ephemeral server survived."}}
[info] i  functions: Finished "api" in ~1s {"metadata":{"emulator":{"name":"functions"},"function":{"name":"api"},"message":"Finished \"api\" in ~1s"}}
[debug] [2020-12-31T22:26:56.580Z] [worker-api-3c4d4ebc-ee77-47a5-99b2-891b638054cc]: IDLE {"metadata":{"emulator":{"name":"functions"},"message":"[worker-api-3c4d4ebc-ee77-47a5-99b2-891b638054cc]: IDLE"}}
[debug] [2020-12-31T22:26:56.580Z] [work-queue] {"queueLength":0,"workRunningCount":0}
[debug] [2020-12-31T22:31:57.256Z] [work-queue] {"queueLength":1,"workRunningCount":0}
[debug] [2020-12-31T22:31:57.256Z] [work-queue] {"queueLength":0,"workRunningCount":1}
[debug] [2020-12-31T22:31:57.256Z] Accepted request POST /clone-bd22e/us-central1/api/payments/create?total=114893 --> api
[debug] [2020-12-31T22:31:57.256Z] [worker-pool] submitWork(triggerId=api) {"metadata":{"emulator":{"name":"functions"},"message":"[worker-pool] submitWork(triggerId=api)"}}
[debug] [2020-12-31T22:31:57.256Z] [worker-api-3c4d4ebc-ee77-47a5-99b2-891b638054cc]: Assigning socketPath: /tmp/fire_emu_122281.sock {"metadata":{"emulator":{"name":"functions"},"message":"[worker-api-3c4d4ebc-ee77-47a5-99b2-891b638054cc]: Assigning socketPath: /tmp/fire_emu_122281.sock"}}
[debug] [2020-12-31T22:31:57.256Z] [worker-api-3c4d4ebc-ee77-47a5-99b2-891b638054cc]: BUSY {"metadata":{"emulator":{"name":"functions"},"message":"[worker-api-3c4d4ebc-ee77-47a5-99b2-891b638054cc]: BUSY"}}
[debug] [2020-12-31T22:31:57.257Z] [runtime-status] [122281] Trigger "api" has been found, beginning invocation! {"metadata":{"emulator":{"name":"functions"},"function":{"name":"api"},"message":"[runtime-status] [122281] Trigger \"api\" has been found, beginning invocation!"}}
[info] i  functions: Beginning execution of "api" {"metadata":{"emulator":{"name":"functions"},"function":{"name":"api"},"message":"Beginning execution of \"api\""}}
[debug] [2020-12-31T22:31:57.258Z] [runtime-status] [122281] triggerDefinition {"httpsTrigger":{},"name":"api","entryPoint":"api"} {"metadata":{"emulator":{"name":"functions"},"function":{"name":"api"},"message":"[runtime-status] [122281] triggerDefinition {\"httpsTrigger\":{},\"name\":\"api\",\"entryPoint\":\"api\"}"}}
[debug] [2020-12-31T22:31:57.258Z] [runtime-status] [122281] Running api in mode HTTPS {"metadata":{"emulator":{"name":"functions"},"function":{"name":"api"},"message":"[runtime-status] [122281] Running api in mode HTTPS"}}
[debug] [2020-12-31T22:31:57.258Z] [runtime-status] [122281] Attempting to listen to socketPath: /tmp/fire_emu_122281.sock {"metadata":{"emulator":{"name":"functions"},"function":{"name":"api"},"message":"[runtime-status] [122281] Attempting to listen to socketPath: /tmp/fire_emu_122281.sock"}}
[debug] [2020-12-31T22:31:57.259Z] [functions] Runtime ready! Sending request! {"metadata":{"emulator":{"name":"functions"},"message":"[functions] Runtime ready! Sending request!"}}
[debug] [2020-12-31T22:31:57.262Z] [runtime-status] [122281] Ephemeral server handling POST request {"metadata":{"emulator":{"name":"functions"},"function":{"name":"api"},"message":"[runtime-status] [122281] Ephemeral server handling POST request"}}
[info] >  Payment Request Recieved BOOM!!! for this amount >>>  114893 {"user":"Payment Request Recieved BOOM!!! for this amount >>>  114893","metadata":{"emulator":{"name":"functions"},"function":{"name":"api"},"message":"\u001b[90m> \u001b[39m Payment Request Recieved BOOM!!! for this amount >>>  114893"}}
[debug] [2020-12-31T22:31:57.264Z] [runtime-status] [122281] Ephemeral server survived. {"metadata":{"emulator":{"name":"functions"},"function":{"name":"api"},"message":"[runtime-status] [122281] Ephemeral server survived."}}
[info] i  functions: Finished "api" in ~1s {"metadata":{"emulator":{"name":"functions"},"function":{"name":"api"},"message":"Finished \"api\" in ~1s"}}
[debug] [2020-12-31T22:31:57.683Z] [worker-api-3c4d4ebc-ee77-47a5-99b2-891b638054cc]: IDLE {"metadata":{"emulator":{"name":"functions"},"message":"[worker-api-3c4d4ebc-ee77-47a5-99b2-891b638054cc]: IDLE"}}
[debug] [2020-12-31T22:31:57.684Z] [work-queue] {"queueLength":0,"workRunningCount":0}
[debug] [2020-12-31T22:32:58.166Z] [work-queue] {"queueLength":1,"workRunningCount":0}
[debug] [2020-12-31T22:32:58.166Z] [work-queue] {"queueLength":0,"workRunningCount":1}
[debug] [2020-12-31T22:32:58.166Z] Accepted request POST /clone-bd22e/us-central1/api/payments/create?total=19999 --> api
[debug] [2020-12-31T22:32:58.166Z] [worker-pool] submitWork(triggerId=api) {"metadata":{"emulator":{"name":"functions"},"message":"[worker-pool] submitWork(triggerId=api)"}}
[debug] [2020-12-31T22:32:58.166Z] [worker-api-3c4d4ebc-ee77-47a5-99b2-891b638054cc]: Assigning socketPath: /tmp/fire_emu_122281.sock {"metadata":{"emulator":{"name":"functions"},"message":"[worker-api-3c4d4ebc-ee77-47a5-99b2-891b638054cc]: Assigning socketPath: /tmp/fire_emu_122281.sock"}}
[debug] [2020-12-31T22:32:58.166Z] [worker-api-3c4d4ebc-ee77-47a5-99b2-891b638054cc]: BUSY {"metadata":{"emulator":{"name":"functions"},"message":"[worker-api-3c4d4ebc-ee77-47a5-99b2-891b638054cc]: BUSY"}}
[debug] [2020-12-31T22:32:58.168Z] [runtime-status] [122281] Trigger "api" has been found, beginning invocation! {"metadata":{"emulator":{"name":"functions"},"function":{"name":"api"},"message":"[runtime-status] [122281] Trigger \"api\" has been found, beginning invocation!"}}
[info] i  functions: Beginning execution of "api" {"metadata":{"emulator":{"name":"functions"},"function":{"name":"api"},"message":"Beginning execution of \"api\""}}
[debug] [2020-12-31T22:32:58.169Z] [runtime-status] [122281] triggerDefinition {"httpsTrigger":{},"name":"api","entryPoint":"api"} {"metadata":{"emulator":{"name":"functions"},"function":{"name":"api"},"message":"[runtime-status] [122281] triggerDefinition {\"httpsTrigger\":{},\"name\":\"api\",\"entryPoint\":\"api\"}"}}
[debug] [2020-12-31T22:32:58.169Z] [runtime-status] [122281] Running api in mode HTTPS {"metadata":{"emulator":{"name":"functions"},"function":{"name":"api"},"message":"[runtime-status] [122281] Running api in mode HTTPS"}}
[debug] [2020-12-31T22:32:58.169Z] [runtime-status] [122281] Attempting to listen to socketPath: /tmp/fire_emu_122281.sock {"metadata":{"emulator":{"name":"functions"},"function":{"name":"api"},"message":"[runtime-status] [122281] Attempting to listen to socketPath: /tmp/fire_emu_122281.sock"}}
[debug] [2020-12-31T22:32:58.170Z] [functions] Runtime ready! Sending request! {"metadata":{"emulator":{"name":"functions"},"message":"[functions] Runtime ready! Sending request!"}}
[debug] [2020-12-31T22:32:58.173Z] [runtime-status] [122281] Ephemeral server handling POST request {"metadata":{"emulator":{"name":"functions"},"function":{"name":"api"},"message":"[runtime-status] [122281] Ephemeral server handling POST request"}}
[info] >  Payment Request Recieved BOOM!!! for this amount >>>  19999 {"user":"Payment Request Recieved BOOM!!! for this amount >>>  19999","metadata":{"emulator":{"name":"functions"},"function":{"name":"api"},"message":"\u001b[90m> \u001b[39m Payment Request Recieved BOOM!!! for this amount >>>  19999"}}
[debug] [2020-12-31T22:32:58.175Z] [runtime-status] [122281] Ephemeral server survived. {"metadata":{"emulator":{"name":"functions"},"function":{"name":"api"},"message":"[runtime-status] [122281] Ephemeral server survived."}}
[info] i  functions: Finished "api" in ~1s {"metadata":{"emulator":{"name":"functions"},"function":{"name":"api"},"message":"Finished \"api\" in ~1s"}}
[debug] [2020-12-31T22:32:58.481Z] [worker-api-3c4d4ebc-ee77-47a5-99b2-891b638054cc]: IDLE {"metadata":{"emulator":{"name":"functions"},"message":"[worker-api-3c4d4ebc-ee77-47a5-99b2-891b638054cc]: IDLE"}}
[debug] [2020-12-31T22:32:58.482Z] [work-queue] {"queueLength":0,"workRunningCount":0}
[debug] [2020-12-31T22:33:18.073Z] [work-queue] {"queueLength":1,"workRunningCount":0}
[debug] [2020-12-31T22:33:18.073Z] [work-queue] {"queueLength":0,"workRunningCount":1}
[debug] [2020-12-31T22:33:18.073Z] Accepted request POST /clone-bd22e/us-central1/api/payments/create?total=0 --> api
[debug] [2020-12-31T22:33:18.073Z] [worker-pool] submitWork(triggerId=api) {"metadata":{"emulator":{"name":"functions"},"message":"[worker-pool] submitWork(triggerId=api)"}}
[debug] [2020-12-31T22:33:18.073Z] [worker-api-3c4d4ebc-ee77-47a5-99b2-891b638054cc]: Assigning socketPath: /tmp/fire_emu_122281.sock {"metadata":{"emulator":{"name":"functions"},"message":"[worker-api-3c4d4ebc-ee77-47a5-99b2-891b638054cc]: Assigning socketPath: /tmp/fire_emu_122281.sock"}}
[debug] [2020-12-31T22:33:18.073Z] [worker-api-3c4d4ebc-ee77-47a5-99b2-891b638054cc]: BUSY {"metadata":{"emulator":{"name":"functions"},"message":"[worker-api-3c4d4ebc-ee77-47a5-99b2-891b638054cc]: BUSY"}}
[debug] [2020-12-31T22:33:18.075Z] [runtime-status] [122281] Trigger "api" has been found, beginning invocation! {"metadata":{"emulator":{"name":"functions"},"function":{"name":"api"},"message":"[runtime-status] [122281] Trigger \"api\" has been found, beginning invocation!"}}
[info] i  functions: Beginning execution of "api" {"metadata":{"emulator":{"name":"functions"},"function":{"name":"api"},"message":"Beginning execution of \"api\""}}
[debug] [2020-12-31T22:33:18.076Z] [runtime-status] [122281] triggerDefinition {"httpsTrigger":{},"name":"api","entryPoint":"api"} {"metadata":{"emulator":{"name":"functions"},"function":{"name":"api"},"message":"[runtime-status] [122281] triggerDefinition {\"httpsTrigger\":{},\"name\":\"api\",\"entryPoint\":\"api\"}"}}
[debug] [2020-12-31T22:33:18.076Z] [runtime-status] [122281] Running api in mode HTTPS {"metadata":{"emulator":{"name":"functions"},"function":{"name":"api"},"message":"[runtime-status] [122281] Running api in mode HTTPS"}}
[debug] [2020-12-31T22:33:18.076Z] [runtime-status] [122281] Attempting to listen to socketPath: /tmp/fire_emu_122281.sock {"metadata":{"emulator":{"name":"functions"},"function":{"name":"api"},"message":"[runtime-status] [122281] Attempting to listen to socketPath: /tmp/fire_emu_122281.sock"}}
[debug] [2020-12-31T22:33:18.077Z] [functions] Runtime ready! Sending request! {"metadata":{"emulator":{"name":"functions"},"message":"[functions] Runtime ready! Sending request!"}}
[debug] [2020-12-31T22:33:18.080Z] [runtime-status] [122281] Ephemeral server handling POST request {"metadata":{"emulator":{"name":"functions"},"function":{"name":"api"},"message":"[runtime-status] [122281] Ephemeral server handling POST request"}}
[info] >  Payment Request Recieved BOOM!!! for this amount >>>  0 {"user":"Payment Request Recieved BOOM!!! for this amount >>>  0","metadata":{"emulator":{"name":"functions"},"function":{"name":"api"},"message":"\u001b[90m> \u001b[39m Payment Request Recieved BOOM!!! for this amount >>>  0"}}
[debug] [2020-12-31T22:33:18.081Z] [runtime-status] [122281] Ephemeral server survived. {"metadata":{"emulator":{"name":"functions"},"function":{"name":"api"},"message":"[runtime-status] [122281] Ephemeral server survived."}}
[info] >  (node:122281) UnhandledPromiseRejectionWarning: Error: This value must be greater than or equal to 1. {"user":"(node:122281) UnhandledPromiseRejectionWarning: Error: This value must be greater than or equal to 1.","metadata":{"emulator":{"name":"functions"},"function":{"name":"api"},"message":"\u001b[90m> \u001b[39m (node:122281) UnhandledPromiseRejectionWarning: Error: This value must be greater than or equal to 1."}}
[info] >      at Function.generate (/home/ben/Documents/amazon-clone/functions/node_modules/stripe/lib/Error.js:40:16) {"user":"    at Function.generate (/home/ben/Documents/amazon-clone/functions/node_modules/stripe/lib/Error.js:40:16)","metadata":{"emulator":{"name":"functions"},"function":{"name":"api"},"message":"\u001b[90m> \u001b[39m     at Function.generate (/home/ben/Documents/amazon-clone/functions/node_modules/stripe/lib/Error.js:40:16)"}}
[info] >      at IncomingMessage.res.once (/home/ben/Documents/amazon-clone/functions/node_modules/stripe/lib/StripeResource.js:190:33) {"user":"    at IncomingMessage.res.once (/home/ben/Documents/amazon-clone/functions/node_modules/stripe/lib/StripeResource.js:190:33)","metadata":{"emulator":{"name":"functions"},"function":{"name":"api"},"message":"\u001b[90m> \u001b[39m     at IncomingMessage.res.once (/home/ben/Documents/amazon-clone/functions/node_modules/stripe/lib/StripeResource.js:190:33)"}}
[info] >      at Object.onceWrapper (events.js:286:20) {"user":"    at Object.onceWrapper (events.js:286:20)","metadata":{"emulator":{"name":"functions"},"function":{"name":"api"},"message":"\u001b[90m> \u001b[39m     at Object.onceWrapper (events.js:286:20)"}}
[info] >      at IncomingMessage.emit (events.js:203:15) {"user":"    at IncomingMessage.emit (events.js:203:15)","metadata":{"emulator":{"name":"functions"},"function":{"name":"api"},"message":"\u001b[90m> \u001b[39m     at IncomingMessage.emit (events.js:203:15)"}}
[info] >      at endReadableNT (_stream_readable.js:1145:12) {"user":"    at endReadableNT (_stream_readable.js:1145:12)","metadata":{"emulator":{"name":"functions"},"function":{"name":"api"},"message":"\u001b[90m> \u001b[39m     at endReadableNT (_stream_readable.js:1145:12)"}}
[info] >      at process._tickCallback (internal/process/next_tick.js:63:19) {"user":"    at process._tickCallback (internal/process/next_tick.js:63:19)","metadata":{"emulator":{"name":"functions"},"function":{"name":"api"},"message":"\u001b[90m> \u001b[39m     at process._tickCallback (internal/process/next_tick.js:63:19)"}}
[info] >  (node:122281) UnhandledPromiseRejectionWarning: Unhandled promise rejection. This error originated either by throwing inside of an async function without a catch block, or by rejecting a promise which was not handled with .catch(). (rejection id: 1) {"user":"(node:122281) UnhandledPromiseRejectionWarning: Unhandled promise rejection. This error originated either by throwing inside of an async function without a catch block, or by rejecting a promise which was not handled with .catch(). (rejection id: 1)","metadata":{"emulator":{"name":"functions"},"function":{"name":"api"},"message":"\u001b[90m> \u001b[39m (node:122281) UnhandledPromiseRejectionWarning: Unhandled promise rejection. This error originated either by throwing inside of an async function without a catch block, or by rejecting a promise which was not handled with .catch(). (rejection id: 1)"}}
[info] >  (node:122281) [DEP0018] DeprecationWarning: Unhandled promise rejections are deprecated. In the future, promise rejections that are not handled will terminate the Node.js process with a non-zero exit code. {"user":"(node:122281) [DEP0018] DeprecationWarning: Unhandled promise rejections are deprecated. In the future, promise rejections that are not handled will terminate the Node.js process with a non-zero exit code.","metadata":{"emulator":{"name":"functions"},"function":{"name":"api"},"message":"\u001b[90m> \u001b[39m (node:122281) [DEP0018] DeprecationWarning: Unhandled promise rejections are deprecated. In the future, promise rejections that are not handled will terminate the Node.js process with a non-zero exit code."}}
[warn] ⚠  functions: Your function timed out after ~60s. To configure this timeout, see
      https://firebase.google.com/docs/functions/manage-functions#set_timeout_and_memory_allocation. {"metadata":{"emulator":{"name":"functions"},"function":{"name":"api"},"message":"Your function timed out after ~60s. To configure this timeout, see\n      https://firebase.google.com/docs/functions/manage-functions#set_timeout_and_memory_allocation."}}
[info] >  /usr/local/lib/node_modules/firebase-tools/lib/emulator/functionsEmulatorRuntime.js:638 {"user":"/usr/local/lib/node_modules/firebase-tools/lib/emulator/functionsEmulatorRuntime.js:638","metadata":{"emulator":{"name":"functions"},"function":{"name":"api"},"message":"\u001b[90m> \u001b[39m /usr/local/lib/node_modules/firebase-tools/lib/emulator/functionsEmulatorRuntime.js:638"}}
[info] >              throw new Error("Function timed out."); {"user":"            throw new Error(\"Function timed out.\");","metadata":{"emulator":{"name":"functions"},"function":{"name":"api"},"message":"\u001b[90m> \u001b[39m             throw new Error(\"Function timed out.\");"}}
[info] >              ^ {"user":"            ^","metadata":{"emulator":{"name":"functions"},"function":{"name":"api"},"message":"\u001b[90m> \u001b[39m             ^"}}
[info] >   {"user":"","metadata":{"emulator":{"name":"functions"},"function":{"name":"api"},"message":"\u001b[90m> \u001b[39m "}}
[info] >  Error: Function timed out. {"user":"Error: Function timed out.","metadata":{"emulator":{"name":"functions"},"function":{"name":"api"},"message":"\u001b[90m> \u001b[39m Error: Function timed out."}}
[info] >      at Timeout.setTimeout [as _onTimeout] (/usr/local/lib/node_modules/firebase-tools/lib/emulator/functionsEmulatorRuntime.js:638:19) {"user":"    at Timeout.setTimeout [as _onTimeout] (/usr/local/lib/node_modules/firebase-tools/lib/emulator/functionsEmulatorRuntime.js:638:19)","metadata":{"emulator":{"name":"functions"},"function":{"name":"api"},"message":"\u001b[90m> \u001b[39m     at Timeout.setTimeout [as _onTimeout] (/usr/local/lib/node_modules/firebase-tools/lib/emulator/functionsEmulatorRuntime.js:638:19)"}}
[info] >      at ontimeout (timers.js:436:11) {"user":"    at ontimeout (timers.js:436:11)","metadata":{"emulator":{"name":"functions"},"function":{"name":"api"},"message":"\u001b[90m> \u001b[39m     at ontimeout (timers.js:436:11)"}}
[info] >      at tryOnTimeout (timers.js:300:5) {"user":"    at tryOnTimeout (timers.js:300:5)","metadata":{"emulator":{"name":"functions"},"function":{"name":"api"},"message":"\u001b[90m> \u001b[39m     at tryOnTimeout (timers.js:300:5)"}}
[info] >      at listOnTimeout (timers.js:263:5) {"user":"    at listOnTimeout (timers.js:263:5)","metadata":{"emulator":{"name":"functions"},"function":{"name":"api"},"message":"\u001b[90m> \u001b[39m     at listOnTimeout (timers.js:263:5)"}}
[info] >      at Timer.processTimers (timers.js:223:10) {"user":"    at Timer.processTimers (timers.js:223:10)","metadata":{"emulator":{"name":"functions"},"function":{"name":"api"},"message":"\u001b[90m> \u001b[39m     at Timer.processTimers (timers.js:223:10)"}}
[debug] [2020-12-31T22:34:18.085Z] [worker-api-3c4d4ebc-ee77-47a5-99b2-891b638054cc]: exited {"metadata":{"emulator":{"name":"functions"},"message":"[worker-api-3c4d4ebc-ee77-47a5-99b2-891b638054cc]: exited"}}
[debug] [2020-12-31T22:34:18.085Z] [worker-api-3c4d4ebc-ee77-47a5-99b2-891b638054cc]: FINISHED {"metadata":{"emulator":{"name":"functions"},"message":"[worker-api-3c4d4ebc-ee77-47a5-99b2-891b638054cc]: FINISHED"}}
[debug] [2020-12-31T22:34:18.085Z] [work-queue] {"queueLength":0,"workRunningCount":0}
